Cannot append rectangle to path because not all values in (b' (131) Tj\n0.025 Tc 2', 618, 40.8, 0.75) can be parsed as floats
Cannot append rectangle to path because not all values in (0, b' (131).3 03.65 0.75 0.75 re f\n1 0.75 re f\n47 Tc ( 2.7 618 0.75 0.75 re f\n303.45 618 61.45 0.75.75 re f\n303.45 618 65 0.75 re f\n303.45 615 618 00 Tc (6.75 re f\n365.6 618 405 0.75 re f\n303.45 61518 0.Tj\n0.025 Tc 2) Tj5 61B 0.Tj\n0.025 Tc 2) Tjc (414) Tj\n0.025 Tc (75 0.7 618 37.2 0.75 re f\n475.318 0\n475.3e f\n1 0.75 re f\n47 Tce f\n503.7 0.75 re f\n475.318 0765 618 61.45 0.75.75 re fre f\n565 0.75 r1.05 0. f\n303.45\n565.5 618 1.5 0.75 Tc ( ) Tj7 f\n475.357 583.34c (7f\n58.55 618.75 0.75 75 re f\n303.45 615 618 00 18 0.75 0.75 re f\n476.1 6183.05 0.75 34.95 re f\n272 0.75 re f\n475.35 618 0.18 1.5.75 re f\n475.35 618 0.3 03..75 re f\n475.35 618 05 0.75 3re f\n75 re f\n303.45 618 65 06\n0.025 Tc35 618 f\n303.45 618 65 0(414) 618 f\n303.45 618 65 07\n272 0.75 re f\n475.35 618 0765 61.75 re f\n475.35 618 05\n565.f\n475.357 583.34c (03.65 0.7f\n475.38 0.18 1 (10) Tj\n0.025 Tc (  Tc ( ) Tj\n0 Tc (138) T1.3 37.2 0.75 re f\n47 9 Tc (12) Tj\n0.025 Tc () Tj\n0.025 Tc ( ) Tj83.05 0.75 34.95 re f r1.051Tj83.05 0.75 34.95 re f \n23.0 re f r1.051Tj83.05 0.752) 11 Tc (215 34.95 re f \n23.0 re3.05 0.75 34.95 re f 0 re3.05 0.75 34.95  618.75 0.75 34.9 r65 re 13 (215 34.95 re f \n23.075 re f\n475.35 618 05 0.752\n47 9 Tc (12) Tj\n0.025  Tj\n0 Tc (131) Tj\n0.025 Tj\n0.025 T (19j\n0303) Tj\n0.025 Tc ( ) 0.025 T\n47 9 Tc (12) Tj\ne f\n438.15 618 3465 0..75 re f\n47 Tc ( ) Tj465 0. (200) Tj7 583.39) Tj465 0. (200) Tj7 583.3 f\n475465 0.5 0.75) Tj\n0 Tc (61) Tj465 0. (200) Tj7 583.5 583.05465 0.  Tj\n0 Tc (61) Tj\n0 ( (165 0. (200) Tj7 583.5j5 618 65 0.  Tj\n0 Tc (61) Tj\n0 ( (1  Tj\n0\n0.025 Tc ( ) Tj\n22.f\n47 Tj\n0 Tc (303) Tj\n0.025 34c (7f\n58.55 618.75Tj\n0.025 Tc ( ) 0.025 2\n47 9 Tc (12) Tj\n08.55 6158.55 618f r1.051Tj83.05 0.752) 11 18 40 ) Tj7 f\n475.35 583.05 0.70.8 0.75 re f\n205.3T5 0.70603.45\n565.5 618 1.(19j\n0303) 17 583.39 Tj\n0\n0.025 Tc ( ) T583.05 0.75) Tj\n0 T60.752\n47 9 Tc (12) TjTj7 583.3 f\n475465 75) Tj\n0 T60.752\n47 50.Tj\n0.) Tj\n0 Tc () Tj\n0.025 Tc ( ) Tj 12) Tj\n0803.7 0.75 re f\n475.3T\n47 9 Tc (12) Tj\ne  0.025 11\n0.re f\n504.45 618 61.05 11\n0.e f\n565.5 618 1.5 0.7511\n0.e f\n565.5 618 1.Tj83.05 f\n365.6 618 40.8 0.75 r23.05 f\n365.6 618 40.8  Tj7 53.05 f\n( (1  T618 40.8  Tj7 53.05 f5 34c (618 40.8  Tj7 53.05 f55 618 1Tj\n22.f\n47 Tj\n0 Tc (0.75 re f\n475.35 618 0.18 1.5.75 re f\n475.35 618 05) Tj\n0.025 Tc ( ) 0.025 T\n47 9 Tc (12) Tj\ne f\n438.15 618 3465 0..75 re f\n47 Tc ( ) Tj465 0. (200)38.15  f\n438.15Tj465 2\n615 5 re f\n4) Tj465 0. 9 Tj8 05\n565.f\n 0.025 T\n47 9 T, Tj\n0 Tc (10475.357 583.34c (03.65 44.295  618.75 0.75 34.8Tj\n0.025 Tc ( ) Tj\n47.8j\n0 Tc (138) T1.3 37.2 275 re f\n47 9 Tc (12) Tj\n0.025 Tc () Tj\n0.02576Tc ( ) Tj83.05 0.75 34.95 re f r1.051Tj83.05 Tj\n0.025 Tc ( ) Tj\n16.7c (03.65 44.295  618.76Tc ( ) Tj835 44.295  618.76Tc ( ) Tj) Tj465 0. 9 Tj8 05\n565 ( ) Tj) Tj465 0. 9 8 05\n565f 0 re3.05 0.75 34.910.05 0.75 34.95 re f \n23.0 5775 0.75 34.9 r65 re 123.0 re f r1.051Tj8 re f r1.051Tj83.054 34.9 r65 re 123.0  Tj\n0.025 Tc ( )10200) T\n47 9 Tc (12) Tj\ne  T\n47 ) T\n47 9 Tc (12) Tj\ne(03.65 44.295  618.762) Tj\ne(03.65 44.295 5 0.5 0.75) Tj\n0 Tc (6 61.75 re f\n475.35  5775 23 (03.65 44.295  618.65 0.5 0.j8 0205.3T5 0.70603.45\n55 0.75.76Tc ( ) Tj835 44.295c ( ) Tj835 44.295  612\n475465 0.5 0.75) Tj\n0 Tc 583.5 583.05465 0.  Tj\n0 T re f r1.051Tj83.054 3Tj\n0 T re f r1.051Tj84.910.05 0.75 34.95T\n47 9 Tc554 3Tj\ne f r1.051Tj83.054 36 618 40.8 \n261) Tj\n0 ( (131) F 3465 j8 05\n565 ( ) Tj) Tj465 0.3 f\n4751Tj83.05 Tj\n0.025 5 583.05 0.75) Tj\n0  T\n47 ) T\n47 9 Tc ( T re f r1.051Tj83.054 3633 583.3 f4505 0.75) T\n47 9 re f\n303.45 615 618 00.054  \n261) Tj\n0 ( (131) F 3475 re f\n475.35 618 05) T5', 47, 9) can be parsed as floats
Cannot append rectangle to path because not all values in (0.025, b' ', 0.75, 34.95) can be parsed as floats
Cannot append rectangle to path because not all values in (615, b'03.65 44.295  6138', 37.2, 275) can be parsed as floats
Could not set character spacing because b'1r1.051Tj83.05 Tj\n0.0252Tc ( ) Tj\n16.7c (03.65 44.295  618.76Tc ( ) T51T5 34.95 re f \n23.075 1 Tj) Tj465 0. 9 Tj8 05595 34.95 re f \n23.075  8 05\n565f 0 re3.05 0.738 15 5 re f\n4' is an invalid float value
Cannot append rectangle to path because not all values in (565.0, 0.025, b' ', 5) can be parsed as floats
Cannot append rectangle to path because not all values in (0.0, b'0Tj2Tj8 re f r1.051Tj83.3.34c (03.65 44.295  6138) T1.3 37.2 275 re f83.34c (03.65 44.295  623.6Tj8 re f r1.051Tj83.Tc ( ) Tj\n47.8j\n0 Tc (1051Tj8 re f r1.051Tj8345 re f \n23.0 re f r1.051Tj83.05 0.752) 11 Tc 255 re f \n23.0 re f r1.01 Tj) Tj465 0. 9 Tj8 053T5 34.95 re f \n23.075  8 05\n565f 0 re3.05 0.713T83.05 0.75 34.95 re f18.9', 23.075, 51) can be parsed as floats
Cannot append rectangle to path because not all values in (0.0, 3.45, 38.15, b'56re') can be parsed as floats
Could not set character spacing because b'51.3Tj8 re f r1.051Tj837615 5 re f\n4' is an invalid float value
Cannot append rectangle to path because not all values in (47, b'0Tj2Tj8 re f r1.051Tj83.T83.05 0.75 34.95 re f138', 37.2, 275) can be parsed as floats
Could not set character spacing because b' 051Tj8 re f r1.051Tj836 15 5 re f\n4' is an invalid float value
Cannot append curved segment to path because not all values in ('c', b'51Tj83.05 0.752', 22, 47, 0.0, 9, 533.34) can be parsed as floats
Cannot append rectangle to path because not all values in (0.706, b'03.65 44.295  6138', 23.075, 23.6) can be parsed as floats
Could not set character spacing because b' 1.6Tj8 re f r1.051Tj837 15 5 re f\n4' is an invalid float value
Cannot append rectangle to path because not all values in (11, b'51Tj83.05 0.752', 20, 34.95) can be parsed as floats
Could not set character spacing because b'39.4Tj8 re f r1.051Tj836615 5 re f\n4' is an invalid float value
Could not set character spacing because b'0Tj2Tj8 re f r1.051Tj8395 34.95 re f \n2..2 275 re f515 5 re f\n4' is an invalid float value
Cannot append rectangle to path because not all values in (0.0, b'51Tj83.05 0.752', 18615, 5) can be parsed as floats
Cannot append rectangle to path because not all values in (b' 4.3Tj8 re f r1.051Tj834\n47 9 Tc (12) Tj\n0.02513.6Tj8 re f r1.051Tj83T5 34.95 re f \n23.075 1805', b'0 Tj', 15, 5) can be parsed as floats
Cannot append rectangle to path because not all values in (0.05538, b'0Tj2Tj8 re f r1.051Tj831T83.05 0.75 34.9583.05 38', 37.2, 275) can be parsed as floats
Could not set character spacing because b' 051Tj8 re f r1.051Tj833515 5 re f\n4' is an invalid float value
Cannot append rectangle to path because not all values in (11, b'51Tj83.05 0.752', 31, 34.95) can be parsed as floats
Cannot append rectangle to path because not all values in (1805, b'51Tj83.05 0.752', 2695, 34.95) can be parsed as floats
Cannot append rectangle to path because not all values in (34.9475, b'56re', 0.0, 34.95) can be parsed as floats
Could not set character spacing because b'51.3Tj8 re f r1.051Tj834515 5 re f\n4' is an invalid float value
Cannot append rectangle to path because not all values in (1190.7, 47, b'2Tj2Tj8 re f r1.051Tj83615 5 re f\n4', 275) can be parsed as floats
Cannot append rectangle to path because not all values in (611190.7, 0, b'1053Tj8 re f r1.051Tj833\n47 9 Tc (12) Tj\n0.02523.6Tj8 re f r1.051Tj83515 5 re f\n4', 275) can be parsed as floats
Could not set character spacing because b'11.6Tj8 re f r1.051Tj837515 5 re f\n4' is an invalid float value
Cannot append rectangle to path because not all values in (4, b'45 2', b'2Tj2Tj8 re f r1.051Tj83615 5 re f\n4', 275) can be parsed as floats
Cannot append rectangle to path because not all values in (61.05, 11, b'1053Tj8 re f r1.051Tj833\n47 9 Tc (12) Tj\n0.02523.6Tj8 re f r1.051Tj83515 5 re f\n4', 275) can be parsed as floats
Could not set character spacing because b'11.6Tj8 re f r1.051Tj838 15 5 re f\n4' is an invalid float value
Cannot append rectangle to path because not all values in (0.75, b'41Tj83.05 0.752', 20, 34.95) can be parsed as floats
Cannot append curved segment to path because not all values in ('c', 9, 4465, 6133, 611.0, 47, b'1241T9570.7060') can be parsed as floats
